/*C3*/SET SCHEMA PUBLIC
CONNECT USER SA
/*C4*/SET SCHEMA PUBLIC
CONNECT USER SA
/*C5*/SET SCHEMA PUBLIC
CONNECT USER SA
drop table DPR_DEPARTAMENTO if exists
drop table PRM_PERMISSAO if exists
drop table UUR_PRM_USUARIO_PERMISSAO if exists
drop table UUR_USUARIO if exists
drop table DPR_DEPARTAMENTO if exists
drop table PRM_PERMISSAO if exists
drop table UUR_PRM_USUARIO_PERMISSAO if exists
drop table UUR_USUARIO if exists
create table DPR_DEPARTAMENTO (DPR_ID integer generated by default as identity (start with 1), DPR_DS_EMAIL varchar(30), DPR_SL CHAR(10) not null, primary key (DPR_ID))
create table PRM_PERMISSAO (PRM_ID integer generated by default as identity (start with 1), PRM_DS varchar(30) not null, primary key (PRM_ID))
create table UUR_PRM_USUARIO_PERMISSAO (UUR_ID integer not null, PRM_ID integer not null)
create table UUR_USUARIO (UUR_ID integer generated by default as identity (start with 1), UUR_NM varchar(150) not null, UUR_DS_SENHA varchar(255) not null, DPR_ID integer not null, primary key (UUR_ID))
alter table UUR_PRM_USUARIO_PERMISSAO add constraint FK49CB25F5EA570FD8 foreign key (PRM_ID) references PRM_PERMISSAO
alter table UUR_PRM_USUARIO_PERMISSAO add constraint FK49CB25F57011A178 foreign key (UUR_ID) references UUR_USUARIO
alter table UUR_USUARIO add constraint IRDPRUUR foreign key (DPR_ID) references DPR_DEPARTAMENTO
INSERT INTO DPR_DEPARTAMENTO VALUES(1,NULL,'DEP')
INSERT INTO PRM_PERMISSAO VALUES(1,'m\u00ednima')
INSERT INTO UUR_USUARIO VALUES(1,'joao','123',1)
DISCONNECT
/*C4*/DISCONNECT
